<?xml version="1.0" encoding="UTF-8"?>
<!-- Generated by org.testng.reporters.JUnitReportReporter -->
<testsuite skipped="0" hostname="DELL" name="com.w2a.architectbatch1.testCases.TestCase2" tests="1" failures="0" timestamp="29 Oct 2017 07:46:29 GMT" time="34.243" errors="0">
  <testcase name="tc_03" time="34.243" classname="com.w2a.architectbatch1.testCases.TestCase2"/>
</testsuite> <!-- com.w2a.architectbatch1.testCases.TestCase2 -->
