<?xml version="1.0" encoding="UTF-8"?>
<!-- Generated by org.testng.reporters.JUnitReportReporter -->
<testsuite skipped="0" hostname="DELL" name="com.w2a.architectbatch1.Rough.Rough" tests="3" failures="0" timestamp="08 Oct 2017 08:22:03 GMT" time="0.043" errors="0">
  <testcase name="testCase" time="0.004" classname="com.w2a.architectbatch1.Rough.Rough"/>
  <testcase name="testCase" time="0.015" classname="com.w2a.architectbatch1.Rough.Rough"/>
  <testcase name="testCase" time="0.024" classname="com.w2a.architectbatch1.Rough.Rough"/>
</testsuite> <!-- com.w2a.architectbatch1.Rough.Rough -->
