<?xml version="1.0" encoding="UTF-8"?>
<!-- Generated by org.testng.reporters.JUnitReportReporter -->
<testsuite skipped="0" hostname="DELL" name="com.w2a.architectbatch1.testCases.TestCase2" tests="1" failures="0" timestamp="28 Oct 2017 08:34:47 GMT" time="33.089" errors="0">
  <testcase name="tc_03" time="33.089" classname="com.w2a.architectbatch1.testCases.TestCase2"/>
</testsuite> <!-- com.w2a.architectbatch1.testCases.TestCase2 -->
