<?xml version="1.0" encoding="UTF-8"?>
<!-- Generated by org.testng.reporters.JUnitReportReporter -->
<testsuite skipped="0" hostname="DELL" name="com.w2a.architectbatch1.testCases.TestCase1" tests="2" failures="0" timestamp="29 Oct 2017 07:46:29 GMT" time="44.140" errors="0">
  <testcase name="tc_02" time="21.863" classname="com.w2a.architectbatch1.testCases.TestCase1"/>
  <testcase name="tc_01" time="22.277" classname="com.w2a.architectbatch1.testCases.TestCase1"/>
</testsuite> <!-- com.w2a.architectbatch1.testCases.TestCase1 -->
