<?xml version="1.0" encoding="UTF-8"?>
<!-- Generated by org.testng.reporters.JUnitReportReporter -->
<testsuite skipped="0" hostname="DELL" name="com.w2a.architectbatch1.testCases.TestCase3" tests="1" failures="0" timestamp="19 Nov 2017 07:41:45 GMT" time="42.963" errors="0">
  <testcase name="verifyLoginWithValidCred" time="42.963" classname="com.w2a.architectbatch1.testCases.TestCase3"/>
</testsuite> <!-- com.w2a.architectbatch1.testCases.TestCase3 -->
