<?xml version="1.0" encoding="UTF-8"?>
<!-- Generated by org.testng.reporters.JUnitReportReporter -->
<testsuite skipped="0" hostname="DELL" name="com.w2a.architectbatch1.testCases.TestCase3" tests="1" failures="0" timestamp="18 Nov 2017 18:16:59 GMT" time="45.329" errors="0">
  <testcase name="verifyLoginWithValidCred" time="45.329" classname="com.w2a.architectbatch1.testCases.TestCase3"/>
</testsuite> <!-- com.w2a.architectbatch1.testCases.TestCase3 -->
